2025-11-04 14:41:32,298 - INFO - --- INICIANDO ORQUESTRAÇÃO DE NESTING (ESTRATÉGIA OTIMIZADA) PARA ESPESSURA 12.7mm ---
2025-11-04 14:41:32,298 - INFO - Ordenando 2 tipos de peças por área para otimização.
2025-11-04 14:41:32,298 - INFO - Iniciando cálculo de corte para 2 tipos de peças em 200 bins disponíveis.
2025-11-04 14:41:32,298 - INFO - --- TENTATIVA COM 1 CHAPAS ---
2025-11-04 14:41:32,299 - INFO - SUCESSO! Algoritmo 'MaxRectsBssf' conseguiu alocar todas as peças em 1 chapas.
2025-11-04 14:41:32,299 - DEBUG - Iniciando 'encontrar_sobras' com algoritmo de varredura (Scanline).
2025-11-04 14:41:32,299 - DEBUG - Finalizado 'encontrar_sobras' (Scanline). Encontradas 3 sobras válidas.
2025-11-04 14:41:32,299 - INFO - SUCESSO! Algoritmo 'MaxRectsBaf' conseguiu alocar todas as peças em 1 chapas.
2025-11-04 14:41:32,299 - DEBUG - Iniciando 'encontrar_sobras' com algoritmo de varredura (Scanline).
2025-11-04 14:41:32,299 - DEBUG - Finalizado 'encontrar_sobras' (Scanline). Encontradas 4 sobras válidas.
2025-11-04 14:41:32,300 - INFO - SUCESSO! Algoritmo 'MaxRectsBlsf' conseguiu alocar todas as peças em 1 chapas.
2025-11-04 14:41:32,300 - DEBUG - Iniciando 'encontrar_sobras' com algoritmo de varredura (Scanline).
2025-11-04 14:41:32,300 - DEBUG - Finalizado 'encontrar_sobras' (Scanline). Encontradas 2 sobras válidas.
2025-11-04 14:41:32,300 - INFO - SUCESSO! Algoritmo 'SkylineBl' conseguiu alocar todas as peças em 1 chapas.
2025-11-04 14:41:32,300 - DEBUG - Iniciando 'encontrar_sobras' com algoritmo de varredura (Scanline).
2025-11-04 14:41:32,300 - DEBUG - Finalizado 'encontrar_sobras' (Scanline). Encontradas 2 sobras válidas.
2025-11-04 14:41:32,301 - INFO - SUCESSO! Algoritmo 'SkylineMwf' conseguiu alocar todas as peças em 1 chapas.
2025-11-04 14:41:32,301 - DEBUG - Iniciando 'encontrar_sobras' com algoritmo de varredura (Scanline).
2025-11-04 14:41:32,301 - DEBUG - Finalizado 'encontrar_sobras' (Scanline). Encontradas 3 sobras válidas.
2025-11-04 14:41:32,301 - INFO - SUCESSO! Algoritmo 'SkylineBlWm' conseguiu alocar todas as peças em 1 chapas.
2025-11-04 14:41:32,302 - DEBUG - Iniciando 'encontrar_sobras' com algoritmo de varredura (Scanline).
2025-11-04 14:41:32,302 - DEBUG - Finalizado 'encontrar_sobras' (Scanline). Encontradas 2 sobras válidas.
2025-11-04 14:41:32,302 - INFO - SUCESSO! Algoritmo 'SkylineMwfl' conseguiu alocar todas as peças em 1 chapas.
2025-11-04 14:41:32,302 - DEBUG - Iniciando 'encontrar_sobras' com algoritmo de varredura (Scanline).
2025-11-04 14:41:32,302 - DEBUG - Finalizado 'encontrar_sobras' (Scanline). Encontradas 2 sobras válidas.
2025-11-04 14:41:32,302 - INFO - Encontrado o número mínimo de chapas: 1. Selecionando a melhor solução.
2025-11-04 14:41:32,302 - INFO - Cálculo finalizado. Melhor resultado: 1 chapas, 13.89% de aproveitamento.
2025-11-04 14:41:32,302 - INFO - --- ORQUESTRAÇÃO OTIMIZADA FINALIZADA ---
